{"/Users/acastrre/Trabajo/rnc-library-ntt/src/NativeNetworkMonitor.ts": {"path":"/Users/acastrre/Trabajo/rnc-library-ntt/src/NativeNetworkMonitor.ts","statementMap":{},"fnMap":{},"branchMap":{},"s":{},"f":{},"b":{}}
,"/Users/acastrre/Trabajo/rnc-library-ntt/src/NativeRncLibraryNtt.ts": {"path":"/Users/acastrre/Trabajo/rnc-library-ntt/src/NativeRncLibraryNtt.ts","statementMap":{},"fnMap":{},"branchMap":{},"s":{},"f":{},"b":{}}
,"/Users/acastrre/Trabajo/rnc-library-ntt/src/NativeSecureStorage.ts": {"path":"/Users/acastrre/Trabajo/rnc-library-ntt/src/NativeSecureStorage.ts","statementMap":{},"fnMap":{},"branchMap":{},"s":{},"f":{},"b":{}}
,"/Users/acastrre/Trabajo/rnc-library-ntt/src/index.tsx": {"path":"/Users/acastrre/Trabajo/rnc-library-ntt/src/index.tsx","statementMap":{"0":{"start":{"line":10,"column":2},"end":{"line":10,"column":39}},"1":{"start":{"line":14,"column":27},"end":{"line":14,"column":34}}},"fnMap":{"0":{"name":"getDeviceInfo","decl":{"start":{"line":9,"column":16},"end":{"line":9,"column":29}},"loc":{"start":{"line":9,"column":44},"end":{"line":11,"column":1}},"line":9}},"branchMap":{},"s":{"0":0,"1":0},"f":{"0":0},"b":{}}
,"/Users/acastrre/Trabajo/rnc-library-ntt/src/modules/chat/index.ts": {"path":"/Users/acastrre/Trabajo/rnc-library-ntt/src/modules/chat/index.ts","statementMap":{},"fnMap":{},"branchMap":{},"s":{},"f":{},"b":{}}
,"/Users/acastrre/Trabajo/rnc-library-ntt/src/modules/chat/components/molecules/send_button/index.tsx": {"path":"/Users/acastrre/Trabajo/rnc-library-ntt/src/modules/chat/components/molecules/send_button/index.tsx","statementMap":{"0":{"start":{"line":5,"column":26},"end":{"line":11,"column":1}},"1":{"start":{"line":6,"column":2},"end":{"line":10,"column":3}},"2":{"start":{"line":13,"column":15},"end":{"line":27,"column":2}}},"fnMap":{"0":{"name":"(anonymous_0)","decl":{"start":{"line":5,"column":26},"end":{"line":5,"column":27}},"loc":{"start":{"line":5,"column":58},"end":{"line":11,"column":1}},"line":5}},"branchMap":{},"s":{"0":2,"1":12,"2":2},"f":{"0":12},"b":{},"_coverageSchema":"1a1c01bbd47fc00a2c39e90264f33305004495a9","hash":"ed4014bbef153e6ee3b05c045f5b643c80e33008"}
,"/Users/acastrre/Trabajo/rnc-library-ntt/src/modules/chat/components/organisms/chat_session/index.tsx": {"path":"/Users/acastrre/Trabajo/rnc-library-ntt/src/modules/chat/components/organisms/chat_session/index.tsx","statementMap":{"0":{"start":{"line":16,"column":27},"end":{"line":91,"column":1}},"1":{"start":{"line":17,"column":34},"end":{"line":23,"column":4}},"2":{"start":{"line":24,"column":28},"end":{"line":24,"column":48}},"3":{"start":{"line":25,"column":22},"end":{"line":25,"column":60}},"4":{"start":{"line":27,"column":2},"end":{"line":29,"column":16}},"5":{"start":{"line":28,"column":4},"end":{"line":28,"column":56}},"6":{"start":{"line":31,"column":21},"end":{"line":51,"column":3}},"7":{"start":{"line":32,"column":20},"end":{"line":32,"column":32}},"8":{"start":{"line":33,"column":4},"end":{"line":33,"column":24}},"9":{"start":{"line":33,"column":18},"end":{"line":33,"column":24}},"10":{"start":{"line":35,"column":28},"end":{"line":39,"column":5}},"11":{"start":{"line":40,"column":4},"end":{"line":40,"column":42}},"12":{"start":{"line":40,"column":24},"end":{"line":40,"column":41}},"13":{"start":{"line":41,"column":4},"end":{"line":41,"column":16}},"14":{"start":{"line":43,"column":4},"end":{"line":50,"column":11}},"15":{"start":{"line":44,"column":30},"end":{"line":48,"column":7}},"16":{"start":{"line":49,"column":6},"end":{"line":49,"column":44}},"17":{"start":{"line":49,"column":26},"end":{"line":49,"column":43}},"18":{"start":{"line":53,"column":21},"end":{"line":64,"column":3}},"19":{"start":{"line":54,"column":19},"end":{"line":54,"column":41}},"20":{"start":{"line":55,"column":4},"end":{"line":63,"column":5}},"21":{"start":{"line":66,"column":2},"end":{"line":90,"column":3}},"22":{"start":{"line":75,"column":30},"end":{"line":75,"column":37}},"23":{"start":{"line":93,"column":15},"end":{"line":143,"column":2}}},"fnMap":{"0":{"name":"(anonymous_0)","decl":{"start":{"line":16,"column":27},"end":{"line":16,"column":28}},"loc":{"start":{"line":16,"column":33},"end":{"line":91,"column":1}},"line":16},"1":{"name":"(anonymous_1)","decl":{"start":{"line":27,"column":12},"end":{"line":27,"column":13}},"loc":{"start":{"line":27,"column":18},"end":{"line":29,"column":3}},"line":27},"2":{"name":"(anonymous_2)","decl":{"start":{"line":31,"column":21},"end":{"line":31,"column":22}},"loc":{"start":{"line":31,"column":27},"end":{"line":51,"column":3}},"line":31},"3":{"name":"(anonymous_3)","decl":{"start":{"line":40,"column":16},"end":{"line":40,"column":17}},"loc":{"start":{"line":40,"column":24},"end":{"line":40,"column":41}},"line":40},"4":{"name":"(anonymous_4)","decl":{"start":{"line":43,"column":15},"end":{"line":43,"column":16}},"loc":{"start":{"line":43,"column":21},"end":{"line":50,"column":5}},"line":43},"5":{"name":"(anonymous_5)","decl":{"start":{"line":49,"column":18},"end":{"line":49,"column":19}},"loc":{"start":{"line":49,"column":26},"end":{"line":49,"column":43}},"line":49},"6":{"name":"(anonymous_6)","decl":{"start":{"line":53,"column":21},"end":{"line":53,"column":22}},"loc":{"start":{"line":53,"column":54},"end":{"line":64,"column":3}},"line":53},"7":{"name":"(anonymous_7)","decl":{"start":{"line":75,"column":22},"end":{"line":75,"column":23}},"loc":{"start":{"line":75,"column":30},"end":{"line":75,"column":37}},"line":75}},"branchMap":{"0":{"loc":{"start":{"line":33,"column":4},"end":{"line":33,"column":24}},"type":"if","locations":[{"start":{"line":33,"column":4},"end":{"line":33,"column":24}},{"start":{},"end":{}}],"line":33},"1":{"loc":{"start":{"line":56,"column":32},"end":{"line":56,"column":73}},"type":"cond-expr","locations":[{"start":{"line":56,"column":41},"end":{"line":56,"column":56}},{"start":{"line":56,"column":59},"end":{"line":56,"column":73}}],"line":56},"2":{"loc":{"start":{"line":57,"column":37},"end":{"line":57,"column":82}},"type":"cond-expr","locations":[{"start":{"line":57,"column":46},"end":{"line":57,"column":63}},{"start":{"line":57,"column":66},"end":{"line":57,"column":82}}],"line":57},"3":{"loc":{"start":{"line":58,"column":44},"end":{"line":58,"column":99}},"type":"cond-expr","locations":[{"start":{"line":58,"column":53},"end":{"line":58,"column":75}},{"start":{"line":58,"column":78},"end":{"line":58,"column":99}}],"line":58},"4":{"loc":{"start":{"line":69,"column":16},"end":{"line":69,"column":61}},"type":"cond-expr","locations":[{"start":{"line":69,"column":40},"end":{"line":69,"column":49}},{"start":{"line":69,"column":52},"end":{"line":69,"column":61}}],"line":69}},"s":{"0":1,"1":10,"2":10,"3":10,"4":10,"5":8,"6":10,"7":3,"8":3,"9":1,"10":2,"11":2,"12":2,"13":2,"14":2,"15":2,"16":2,"17":2,"18":10,"19":56,"20":56,"21":10,"22":78,"23":1},"f":{"0":10,"1":8,"2":3,"3":2,"4":2,"5":2,"6":56,"7":78},"b":{"0":[1,2],"1":[44,12],"2":[44,12],"3":[44,12],"4":[10,0]},"_coverageSchema":"1a1c01bbd47fc00a2c39e90264f33305004495a9","hash":"1e29b80d32cc2edb8c618b4ecf019c50ebab458f"}
,"/Users/acastrre/Trabajo/rnc-library-ntt/src/modules/chat/interfaces/index.ts": {"path":"/Users/acastrre/Trabajo/rnc-library-ntt/src/modules/chat/interfaces/index.ts","statementMap":{},"fnMap":{},"branchMap":{},"s":{},"f":{},"b":{}}
,"/Users/acastrre/Trabajo/rnc-library-ntt/src/modules/chat/types/index.ts": {"path":"/Users/acastrre/Trabajo/rnc-library-ntt/src/modules/chat/types/index.ts","statementMap":{},"fnMap":{},"branchMap":{},"s":{},"f":{},"b":{}}
,"/Users/acastrre/Trabajo/rnc-library-ntt/src/modules/configuration/index.ts": {"path":"/Users/acastrre/Trabajo/rnc-library-ntt/src/modules/configuration/index.ts","statementMap":{},"fnMap":{},"branchMap":{},"s":{},"f":{},"b":{}}
,"/Users/acastrre/Trabajo/rnc-library-ntt/src/modules/configuration/components/molecules/config_item/index.tsx": {"path":"/Users/acastrre/Trabajo/rnc-library-ntt/src/modules/configuration/components/molecules/config_item/index.tsx","statementMap":{"0":{"start":{"line":13,"column":26},"end":{"line":13,"column":28}},"1":{"start":{"line":15,"column":53},"end":{"line":59,"column":1}},"2":{"start":{"line":25,"column":25},"end":{"line":25,"column":71}},"3":{"start":{"line":27,"column":2},"end":{"line":58,"column":3}},"4":{"start":{"line":61,"column":15},"end":{"line":103,"column":2}}},"fnMap":{"0":{"name":"(anonymous_0)","decl":{"start":{"line":15,"column":53},"end":{"line":15,"column":54}},"loc":{"start":{"line":24,"column":6},"end":{"line":59,"column":1}},"line":24}},"branchMap":{"0":{"loc":{"start":{"line":16,"column":2},"end":{"line":16,"column":25}},"type":"default-arg","locations":[{"start":{"line":16,"column":10},"end":{"line":16,"column":25}}],"line":16},"1":{"loc":{"start":{"line":17,"column":2},"end":{"line":17,"column":46}},"type":"default-arg","locations":[{"start":{"line":17,"column":13},"end":{"line":17,"column":46}}],"line":17},"2":{"loc":{"start":{"line":20,"column":2},"end":{"line":20,"column":30}},"type":"default-arg","locations":[{"start":{"line":20,"column":13},"end":{"line":20,"column":30}}],"line":20},"3":{"loc":{"start":{"line":21,"column":2},"end":{"line":21,"column":20}},"type":"default-arg","locations":[{"start":{"line":21,"column":16},"end":{"line":21,"column":20}}],"line":21},"4":{"loc":{"start":{"line":22,"column":2},"end":{"line":22,"column":18}},"type":"default-arg","locations":[{"start":{"line":22,"column":13},"end":{"line":22,"column":18}}],"line":22},"5":{"loc":{"start":{"line":25,"column":25},"end":{"line":25,"column":71}},"type":"cond-expr","locations":[{"start":{"line":25,"column":48},"end":{"line":25,"column":64}},{"start":{"line":25,"column":67},"end":{"line":25,"column":71}}],"line":25},"6":{"loc":{"start":{"line":25,"column":25},"end":{"line":25,"column":45}},"type":"binary-expr","locations":[{"start":{"line":25,"column":25},"end":{"line":25,"column":32}},{"start":{"line":25,"column":36},"end":{"line":25,"column":45}}],"line":25},"7":{"loc":{"start":{"line":30,"column":15},"end":{"line":30,"column":45}},"type":"cond-expr","locations":[{"start":{"line":30,"column":26},"end":{"line":30,"column":35}},{"start":{"line":30,"column":38},"end":{"line":30,"column":45}}],"line":30},"8":{"loc":{"start":{"line":32,"column":25},"end":{"line":32,"column":68}},"type":"cond-expr","locations":[{"start":{"line":32,"column":48},"end":{"line":32,"column":56}},{"start":{"line":32,"column":59},"end":{"line":32,"column":68}}],"line":32},"9":{"loc":{"start":{"line":32,"column":25},"end":{"line":32,"column":45}},"type":"binary-expr","locations":[{"start":{"line":32,"column":25},"end":{"line":32,"column":32}},{"start":{"line":32,"column":36},"end":{"line":32,"column":45}}],"line":32},"10":{"loc":{"start":{"line":37,"column":11},"end":{"line":41,"column":11}},"type":"cond-expr","locations":[{"start":{"line":38,"column":12},"end":{"line":38,"column":16}},{"start":{"line":40,"column":12},"end":{"line":40,"column":81}}],"line":37},"11":{"loc":{"start":{"line":48,"column":11},"end":{"line":52,"column":18}},"type":"cond-expr","locations":[{"start":{"line":49,"column":12},"end":{"line":51,"column":19}},{"start":{"line":52,"column":14},"end":{"line":52,"column":18}}],"line":48},"12":{"loc":{"start":{"line":56,"column":7},"end":{"line":56,"column":59}},"type":"cond-expr","locations":[{"start":{"line":56,"column":21},"end":{"line":56,"column":52}},{"start":{"line":56,"column":55},"end":{"line":56,"column":59}}],"line":56}},"s":{"0":1,"1":1,"2":6,"3":6,"4":1},"f":{"0":6},"b":{"0":[5],"1":[5],"2":[6],"3":[6],"4":[4],"5":[1,5],"6":[6,3],"7":[2,4],"8":[1,5],"9":[6,3],"10":[1,5],"11":[6,0],"12":[6,0]},"_coverageSchema":"1a1c01bbd47fc00a2c39e90264f33305004495a9","hash":"f29cd46d0c1993572ec3df2200004e57bf5c731f"}
,"/Users/acastrre/Trabajo/rnc-library-ntt/src/modules/configuration/interfaces/index.ts": {"path":"/Users/acastrre/Trabajo/rnc-library-ntt/src/modules/configuration/interfaces/index.ts","statementMap":{},"fnMap":{},"branchMap":{},"s":{},"f":{},"b":{}}
,"/Users/acastrre/Trabajo/rnc-library-ntt/src/modules/network_monitor/index.ts": {"path":"/Users/acastrre/Trabajo/rnc-library-ntt/src/modules/network_monitor/index.ts","statementMap":{},"fnMap":{},"branchMap":{},"s":{},"f":{},"b":{}}
,"/Users/acastrre/Trabajo/rnc-library-ntt/src/modules/network_monitor/components/atoms/ConnectionBadge.tsx": {"path":"/Users/acastrre/Trabajo/rnc-library-ntt/src/modules/network_monitor/components/atoms/ConnectionBadge.tsx","statementMap":{"0":{"start":{"line":6,"column":63},"end":{"line":16,"column":1}},"1":{"start":{"line":7,"column":16},"end":{"line":7,"column":45}},"2":{"start":{"line":8,"column":15},"end":{"line":8,"column":72}},"3":{"start":{"line":10,"column":2},"end":{"line":15,"column":4}},"4":{"start":{"line":18,"column":15},"end":{"line":32,"column":2}}},"fnMap":{"0":{"name":"(anonymous_0)","decl":{"start":{"line":6,"column":63},"end":{"line":6,"column":64}},"loc":{"start":{"line":6,"column":90},"end":{"line":16,"column":1}},"line":6}},"branchMap":{"0":{"loc":{"start":{"line":7,"column":16},"end":{"line":7,"column":45}},"type":"cond-expr","locations":[{"start":{"line":7,"column":30},"end":{"line":7,"column":37}},{"start":{"line":7,"column":40},"end":{"line":7,"column":45}}],"line":7},"1":{"loc":{"start":{"line":8,"column":15},"end":{"line":8,"column":72}},"type":"cond-expr","locations":[{"start":{"line":8,"column":33},"end":{"line":8,"column":37}},{"start":{"line":8,"column":40},"end":{"line":8,"column":72}}],"line":8},"2":{"loc":{"start":{"line":8,"column":40},"end":{"line":8,"column":72}},"type":"cond-expr","locations":[{"start":{"line":8,"column":62},"end":{"line":8,"column":66}},{"start":{"line":8,"column":69},"end":{"line":8,"column":72}}],"line":8}},"s":{"0":2,"1":6,"2":6,"3":6,"4":2},"f":{"0":6},"b":{"0":[3,3],"1":[3,3],"2":[1,2]},"_coverageSchema":"1a1c01bbd47fc00a2c39e90264f33305004495a9","hash":"82043dde00161551034c7f8a343775397d1113b1"}
,"/Users/acastrre/Trabajo/rnc-library-ntt/src/modules/network_monitor/components/molecules/NetworkStatusCard.tsx": {"path":"/Users/acastrre/Trabajo/rnc-library-ntt/src/modules/network_monitor/components/molecules/NetworkStatusCard.tsx","statementMap":{"0":{"start":{"line":10,"column":50},"end":{"line":21,"column":1}},"1":{"start":{"line":11,"column":2},"end":{"line":20,"column":9}},"2":{"start":{"line":23,"column":15},"end":{"line":38,"column":2}}},"fnMap":{"0":{"name":"(anonymous_0)","decl":{"start":{"line":10,"column":50},"end":{"line":10,"column":51}},"loc":{"start":{"line":11,"column":2},"end":{"line":20,"column":9}},"line":11}},"branchMap":{"0":{"loc":{"start":{"line":18,"column":17},"end":{"line":18,"column":63}},"type":"cond-expr","locations":[{"start":{"line":18,"column":54},"end":{"line":18,"column":57}},{"start":{"line":18,"column":60},"end":{"line":18,"column":63}}],"line":18}},"s":{"0":1,"1":2,"2":1},"f":{"0":2},"b":{"0":[1,1]},"_coverageSchema":"1a1c01bbd47fc00a2c39e90264f33305004495a9","hash":"36b08b546fcff27e8c7351481514149a0a127362"}
,"/Users/acastrre/Trabajo/rnc-library-ntt/src/modules/network_monitor/hooks/useNetworkMonitor.ts": {"path":"/Users/acastrre/Trabajo/rnc-library-ntt/src/modules/network_monitor/hooks/useNetworkMonitor.ts","statementMap":{"0":{"start":{"line":7,"column":33},"end":{"line":20,"column":1}},"1":{"start":{"line":8,"column":46},"end":{"line":8,"column":83}},"2":{"start":{"line":9,"column":36},"end":{"line":9,"column":50}},"3":{"start":{"line":11,"column":2},"end":{"line":17,"column":9}},"4":{"start":{"line":13,"column":4},"end":{"line":15,"column":42}},"5":{"start":{"line":15,"column":21},"end":{"line":15,"column":40}},"6":{"start":{"line":19,"column":2},"end":{"line":19,"column":39}}},"fnMap":{"0":{"name":"(anonymous_0)","decl":{"start":{"line":7,"column":33},"end":{"line":7,"column":34}},"loc":{"start":{"line":7,"column":39},"end":{"line":20,"column":1}},"line":7},"1":{"name":"(anonymous_1)","decl":{"start":{"line":11,"column":12},"end":{"line":11,"column":13}},"loc":{"start":{"line":11,"column":18},"end":{"line":17,"column":3}},"line":11},"2":{"name":"(anonymous_2)","decl":{"start":{"line":15,"column":15},"end":{"line":15,"column":16}},"loc":{"start":{"line":15,"column":21},"end":{"line":15,"column":40}},"line":15}},"branchMap":{},"s":{"0":1,"1":2,"2":2,"3":2,"4":1,"5":1,"6":2},"f":{"0":2,"1":1,"2":1},"b":{},"_coverageSchema":"1a1c01bbd47fc00a2c39e90264f33305004495a9","hash":"62107ae1d4f20eb0370807f9b634c1f1bba0234a"}
,"/Users/acastrre/Trabajo/rnc-library-ntt/src/modules/network_monitor/interfaces/index.ts": {"path":"/Users/acastrre/Trabajo/rnc-library-ntt/src/modules/network_monitor/interfaces/index.ts","statementMap":{},"fnMap":{},"branchMap":{},"s":{},"f":{},"b":{}}
,"/Users/acastrre/Trabajo/rnc-library-ntt/src/modules/network_monitor/types/index.ts": {"path":"/Users/acastrre/Trabajo/rnc-library-ntt/src/modules/network_monitor/types/index.ts","statementMap":{},"fnMap":{},"branchMap":{},"s":{},"f":{},"b":{}}
,"/Users/acastrre/Trabajo/rnc-library-ntt/src/modules/secure_storage/index.ts": {"path":"/Users/acastrre/Trabajo/rnc-library-ntt/src/modules/secure_storage/index.ts","statementMap":{},"fnMap":{},"branchMap":{},"s":{},"f":{},"b":{}}
,"/Users/acastrre/Trabajo/rnc-library-ntt/src/modules/secure_storage/store/SecureStorage.ts": {"path":"/Users/acastrre/Trabajo/rnc-library-ntt/src/modules/secure_storage/store/SecureStorage.ts","statementMap":{"0":{"start":{"line":3,"column":29},"end":{"line":11,"column":1}},"1":{"start":{"line":5,"column":4},"end":{"line":5,"column":57}},"2":{"start":{"line":9,"column":4},"end":{"line":9,"column":50}}},"fnMap":{"0":{"name":"(anonymous_0)","decl":{"start":{"line":4,"column":11},"end":{"line":4,"column":12}},"loc":{"start":{"line":4,"column":67},"end":{"line":6,"column":3}},"line":4},"1":{"name":"(anonymous_1)","decl":{"start":{"line":8,"column":11},"end":{"line":8,"column":12}},"loc":{"start":{"line":8,"column":58},"end":{"line":10,"column":3}},"line":8}},"branchMap":{},"s":{"0":1,"1":1,"2":1},"f":{"0":1,"1":1},"b":{},"_coverageSchema":"1a1c01bbd47fc00a2c39e90264f33305004495a9","hash":"696e7d0c8d634c9b5cc5b97a1288b5bae3c20a6b"}
,"/Users/acastrre/Trabajo/rnc-library-ntt/src/modules/shared/index.ts": {"path":"/Users/acastrre/Trabajo/rnc-library-ntt/src/modules/shared/index.ts","statementMap":{},"fnMap":{},"branchMap":{},"s":{},"f":{},"b":{}}
,"/Users/acastrre/Trabajo/rnc-library-ntt/src/modules/shared/components/atoms/button/index.tsx": {"path":"/Users/acastrre/Trabajo/rnc-library-ntt/src/modules/shared/components/atoms/button/index.tsx","statementMap":{"0":{"start":{"line":4,"column":22},"end":{"line":35,"column":1}},"1":{"start":{"line":13,"column":22},"end":{"line":13,"column":54}},"2":{"start":{"line":14,"column":21},"end":{"line":14,"column":52}},"3":{"start":{"line":15,"column":22},"end":{"line":15,"column":46}},"4":{"start":{"line":18,"column":4},"end":{"line":19,"column":56}},"5":{"start":{"line":22,"column":4},"end":{"line":23,"column":54}},"6":{"start":{"line":25,"column":2},"end":{"line":34,"column":3}},"7":{"start":{"line":37,"column":15},"end":{"line":50,"column":2}}},"fnMap":{"0":{"name":"(anonymous_0)","decl":{"start":{"line":4,"column":22},"end":{"line":4,"column":23}},"loc":{"start":{"line":12,"column":19},"end":{"line":35,"column":1}},"line":12}},"branchMap":{"0":{"loc":{"start":{"line":8,"column":2},"end":{"line":8,"column":18}},"type":"default-arg","locations":[{"start":{"line":8,"column":9},"end":{"line":8,"column":18}}],"line":8},"1":{"loc":{"start":{"line":13,"column":22},"end":{"line":13,"column":54}},"type":"binary-expr","locations":[{"start":{"line":13,"column":22},"end":{"line":13,"column":27}},{"start":{"line":13,"column":31},"end":{"line":13,"column":42}},{"start":{"line":13,"column":46},"end":{"line":13,"column":54}}],"line":13},"2":{"loc":{"start":{"line":14,"column":21},"end":{"line":14,"column":52}},"type":"binary-expr","locations":[{"start":{"line":14,"column":21},"end":{"line":14,"column":25}},{"start":{"line":14,"column":29},"end":{"line":14,"column":39}},{"start":{"line":14,"column":43},"end":{"line":14,"column":52}}],"line":14},"3":{"loc":{"start":{"line":15,"column":22},"end":{"line":15,"column":46}},"type":"binary-expr","locations":[{"start":{"line":15,"column":22},"end":{"line":15,"column":29}},{"start":{"line":15,"column":33},"end":{"line":15,"column":46}}],"line":15},"4":{"loc":{"start":{"line":18,"column":4},"end":{"line":19,"column":56}},"type":"binary-expr","locations":[{"start":{"line":18,"column":4},"end":{"line":18,"column":19}},{"start":{"line":19,"column":5},"end":{"line":19,"column":55}}],"line":18},"5":{"loc":{"start":{"line":19,"column":5},"end":{"line":19,"column":55}},"type":"cond-expr","locations":[{"start":{"line":19,"column":32},"end":{"line":19,"column":43}},{"start":{"line":19,"column":46},"end":{"line":19,"column":55}}],"line":19},"6":{"loc":{"start":{"line":22,"column":4},"end":{"line":23,"column":54}},"type":"binary-expr","locations":[{"start":{"line":22,"column":4},"end":{"line":22,"column":13}},{"start":{"line":23,"column":5},"end":{"line":23,"column":53}}],"line":22},"7":{"loc":{"start":{"line":23,"column":5},"end":{"line":23,"column":53}},"type":"cond-expr","locations":[{"start":{"line":23,"column":32},"end":{"line":23,"column":41}},{"start":{"line":23,"column":44},"end":{"line":23,"column":53}}],"line":23}},"s":{"0":1,"1":3,"2":3,"3":3,"4":3,"5":3,"6":3,"7":1},"f":{"0":3},"b":{"0":[3],"1":[3,0,0],"2":[3,0,0],"3":[3,0],"4":[3,3],"5":[3,0],"6":[3,3],"7":[3,0]},"_coverageSchema":"1a1c01bbd47fc00a2c39e90264f33305004495a9","hash":"eaa97bfced5ad527a15ea7e878bc53b08b2a998f"}
,"/Users/acastrre/Trabajo/rnc-library-ntt/src/modules/shared/components/atoms/modal/index.tsx": {"path":"/Users/acastrre/Trabajo/rnc-library-ntt/src/modules/shared/components/atoms/modal/index.tsx","statementMap":{"0":{"start":{"line":4,"column":30},"end":{"line":77,"column":1}},"1":{"start":{"line":13,"column":24},"end":{"line":23,"column":3}},"2":{"start":{"line":14,"column":4},"end":{"line":22,"column":5}},"3":{"start":{"line":16,"column":8},"end":{"line":16,"column":57}},"4":{"start":{"line":18,"column":8},"end":{"line":18,"column":61}},"5":{"start":{"line":21,"column":8},"end":{"line":21,"column":65}},"6":{"start":{"line":25,"column":21},"end":{"line":25,"column":36}},"7":{"start":{"line":27,"column":2},"end":{"line":76,"column":3}},"8":{"start":{"line":67,"column":14},"end":{"line":67,"column":31}},"9":{"start":{"line":68,"column":14},"end":{"line":68,"column":25}},"10":{"start":{"line":79,"column":15},"end":{"line":124,"column":2}}},"fnMap":{"0":{"name":"(anonymous_0)","decl":{"start":{"line":4,"column":30},"end":{"line":4,"column":31}},"loc":{"start":{"line":12,"column":18},"end":{"line":77,"column":1}},"line":12},"1":{"name":"(anonymous_1)","decl":{"start":{"line":13,"column":24},"end":{"line":13,"column":25}},"loc":{"start":{"line":13,"column":30},"end":{"line":23,"column":3}},"line":13},"2":{"name":"(anonymous_2)","decl":{"start":{"line":66,"column":21},"end":{"line":66,"column":22}},"loc":{"start":{"line":66,"column":27},"end":{"line":69,"column":13}},"line":66}},"branchMap":{"0":{"loc":{"start":{"line":6,"column":2},"end":{"line":6,"column":16}},"type":"default-arg","locations":[{"start":{"line":6,"column":9},"end":{"line":6,"column":16}}],"line":6},"1":{"loc":{"start":{"line":7,"column":2},"end":{"line":7,"column":38}},"type":"default-arg","locations":[{"start":{"line":7,"column":10},"end":{"line":7,"column":38}}],"line":7},"2":{"loc":{"start":{"line":8,"column":2},"end":{"line":8,"column":62}},"type":"default-arg","locations":[{"start":{"line":8,"column":16},"end":{"line":8,"column":62}}],"line":8},"3":{"loc":{"start":{"line":9,"column":2},"end":{"line":9,"column":25}},"type":"default-arg","locations":[{"start":{"line":9,"column":16},"end":{"line":9,"column":25}}],"line":9},"4":{"loc":{"start":{"line":14,"column":4},"end":{"line":22,"column":5}},"type":"switch","locations":[{"start":{"line":15,"column":6},"end":{"line":16,"column":57}},{"start":{"line":17,"column":6},"end":{"line":18,"column":61}},{"start":{"line":19,"column":6},"end":{"line":19,"column":19}},{"start":{"line":20,"column":6},"end":{"line":21,"column":65}}],"line":14},"5":{"loc":{"start":{"line":45,"column":15},"end":{"line":45,"column":56}},"type":"binary-expr","locations":[{"start":{"line":45,"column":15},"end":{"line":45,"column":49}},{"start":{"line":45,"column":53},"end":{"line":45,"column":56}}],"line":45},"6":{"loc":{"start":{"line":46,"column":15},"end":{"line":46,"column":60}},"type":"binary-expr","locations":[{"start":{"line":46,"column":15},"end":{"line":46,"column":53}},{"start":{"line":46,"column":57},"end":{"line":46,"column":60}}],"line":46},"7":{"loc":{"start":{"line":47,"column":15},"end":{"line":47,"column":63}},"type":"binary-expr","locations":[{"start":{"line":47,"column":15},"end":{"line":47,"column":55}},{"start":{"line":47,"column":59},"end":{"line":47,"column":63}}],"line":47},"8":{"loc":{"start":{"line":59,"column":18},"end":{"line":63,"column":35}},"type":"cond-expr","locations":[{"start":{"line":60,"column":22},"end":{"line":60,"column":31}},{"start":{"line":61,"column":22},"end":{"line":63,"column":35}}],"line":59},"9":{"loc":{"start":{"line":61,"column":22},"end":{"line":63,"column":35}},"type":"cond-expr","locations":[{"start":{"line":62,"column":24},"end":{"line":62,"column":33}},{"start":{"line":63,"column":24},"end":{"line":63,"column":35}}],"line":61}},"s":{"0":1,"1":3,"2":3,"3":0,"4":0,"5":3,"6":3,"7":3,"8":1,"9":1,"10":1},"f":{"0":3,"1":3,"2":1},"b":{"0":[3],"1":[2],"2":[2],"3":[2],"4":[0,0,3,3],"5":[3,0],"6":[3,0],"7":[3,3],"8":[0,3],"9":[0,3]},"_coverageSchema":"1a1c01bbd47fc00a2c39e90264f33305004495a9","hash":"7b1c6bf5afb26c77ec1b9fd9dfb9d8581256fc2f"}
,"/Users/acastrre/Trabajo/rnc-library-ntt/src/modules/shared/components/molecules/email/index.tsx": {"path":"/Users/acastrre/Trabajo/rnc-library-ntt/src/modules/shared/components/molecules/email/index.tsx","statementMap":{"0":{"start":{"line":7,"column":22},"end":{"line":10,"column":1}},"1":{"start":{"line":8,"column":21},"end":{"line":8,"column":49}},"2":{"start":{"line":9,"column":2},"end":{"line":9,"column":31}},"3":{"start":{"line":12,"column":26},"end":{"line":53,"column":1}},"4":{"start":{"line":19,"column":28},"end":{"line":19,"column":43}},"5":{"start":{"line":20,"column":18},"end":{"line":20,"column":38}},"6":{"start":{"line":22,"column":27},"end":{"line":26,"column":3}},"7":{"start":{"line":23,"column":4},"end":{"line":23,"column":18}},"8":{"start":{"line":24,"column":4},"end":{"line":24,"column":24}},"9":{"start":{"line":25,"column":4},"end":{"line":25,"column":39}},"10":{"start":{"line":27,"column":2},"end":{"line":30,"column":27}},"11":{"start":{"line":28,"column":4},"end":{"line":28,"column":19}},"12":{"start":{"line":29,"column":4},"end":{"line":29,"column":40}},"13":{"start":{"line":32,"column":2},"end":{"line":52,"column":3}},"14":{"start":{"line":55,"column":15},"end":{"line":71,"column":2}}},"fnMap":{"0":{"name":"(anonymous_0)","decl":{"start":{"line":7,"column":22},"end":{"line":7,"column":23}},"loc":{"start":{"line":7,"column":50},"end":{"line":10,"column":1}},"line":7},"1":{"name":"(anonymous_1)","decl":{"start":{"line":12,"column":26},"end":{"line":12,"column":27}},"loc":{"start":{"line":18,"column":18},"end":{"line":53,"column":1}},"line":18},"2":{"name":"(anonymous_2)","decl":{"start":{"line":22,"column":27},"end":{"line":22,"column":28}},"loc":{"start":{"line":22,"column":45},"end":{"line":26,"column":3}},"line":22},"3":{"name":"(anonymous_3)","decl":{"start":{"line":27,"column":12},"end":{"line":27,"column":13}},"loc":{"start":{"line":27,"column":18},"end":{"line":30,"column":3}},"line":27}},"branchMap":{"0":{"loc":{"start":{"line":13,"column":2},"end":{"line":13,"column":28}},"type":"default-arg","locations":[{"start":{"line":13,"column":10},"end":{"line":13,"column":28}}],"line":13},"1":{"loc":{"start":{"line":15,"column":2},"end":{"line":15,"column":47}},"type":"default-arg","locations":[{"start":{"line":15,"column":16},"end":{"line":15,"column":47}}],"line":15},"2":{"loc":{"start":{"line":16,"column":2},"end":{"line":16,"column":17}},"type":"default-arg","locations":[{"start":{"line":16,"column":13},"end":{"line":16,"column":17}}],"line":16},"3":{"loc":{"start":{"line":37,"column":23},"end":{"line":37,"column":87}},"type":"cond-expr","locations":[{"start":{"line":37,"column":44},"end":{"line":37,"column":53}},{"start":{"line":37,"column":56},"end":{"line":37,"column":87}}],"line":37},"4":{"loc":{"start":{"line":37,"column":56},"end":{"line":37,"column":87}},"type":"cond-expr","locations":[{"start":{"line":37,"column":66},"end":{"line":37,"column":75}},{"start":{"line":37,"column":78},"end":{"line":37,"column":87}}],"line":37}},"s":{"0":1,"1":7,"2":7,"3":1,"4":4,"5":4,"6":4,"7":2,"8":2,"9":2,"10":4,"11":2,"12":2,"13":4,"14":1},"f":{"0":7,"1":4,"2":2,"3":2},"b":{"0":[3],"1":[4],"2":[4],"3":[0,4],"4":[3,1]},"_coverageSchema":"1a1c01bbd47fc00a2c39e90264f33305004495a9","hash":"9653625a813933186f1df6edf8336d876c607d94"}
,"/Users/acastrre/Trabajo/rnc-library-ntt/src/modules/shared/components/molecules/header/index.tsx": {"path":"/Users/acastrre/Trabajo/rnc-library-ntt/src/modules/shared/components/molecules/header/index.tsx","statementMap":{"0":{"start":{"line":5,"column":22},"end":{"line":20,"column":1}},"1":{"start":{"line":6,"column":2},"end":{"line":19,"column":3}},"2":{"start":{"line":22,"column":15},"end":{"line":53,"column":2}}},"fnMap":{"0":{"name":"(anonymous_0)","decl":{"start":{"line":5,"column":22},"end":{"line":5,"column":23}},"loc":{"start":{"line":5,"column":90},"end":{"line":20,"column":1}},"line":5}},"branchMap":{"0":{"loc":{"start":{"line":5,"column":25},"end":{"line":5,"column":43}},"type":"default-arg","locations":[{"start":{"line":5,"column":33},"end":{"line":5,"column":43}}],"line":5},"1":{"loc":{"start":{"line":5,"column":45},"end":{"line":5,"column":62}},"type":"default-arg","locations":[{"start":{"line":5,"column":56},"end":{"line":5,"column":62}}],"line":5}},"s":{"0":1,"1":2,"2":1},"f":{"0":2},"b":{"0":[1],"1":[2]},"_coverageSchema":"1a1c01bbd47fc00a2c39e90264f33305004495a9","hash":"ab4d661c33d8ed7a1f41a3c2a0eb70717f05efe4"}
,"/Users/acastrre/Trabajo/rnc-library-ntt/src/modules/shared/components/molecules/input_with_delete/index.tsx": {"path":"/Users/acastrre/Trabajo/rnc-library-ntt/src/modules/shared/components/molecules/input_with_delete/index.tsx","statementMap":{"0":{"start":{"line":5,"column":31},"end":{"line":52,"column":1}},"1":{"start":{"line":11,"column":26},"end":{"line":11,"column":41}},"2":{"start":{"line":13,"column":27},"end":{"line":16,"column":3}},"3":{"start":{"line":14,"column":4},"end":{"line":14,"column":20}},"4":{"start":{"line":15,"column":4},"end":{"line":15,"column":27}},"5":{"start":{"line":18,"column":22},"end":{"line":21,"column":3}},"6":{"start":{"line":19,"column":4},"end":{"line":19,"column":15}},"7":{"start":{"line":20,"column":4},"end":{"line":20,"column":22}},"8":{"start":{"line":22,"column":2},"end":{"line":24,"column":13}},"9":{"start":{"line":23,"column":4},"end":{"line":23,"column":18}},"10":{"start":{"line":27,"column":2},"end":{"line":51,"column":3}},"11":{"start":{"line":54,"column":15},"end":{"line":77,"column":2}}},"fnMap":{"0":{"name":"(anonymous_0)","decl":{"start":{"line":5,"column":31},"end":{"line":5,"column":32}},"loc":{"start":{"line":10,"column":28},"end":{"line":52,"column":1}},"line":10},"1":{"name":"(anonymous_1)","decl":{"start":{"line":13,"column":27},"end":{"line":13,"column":28}},"loc":{"start":{"line":13,"column":48},"end":{"line":16,"column":3}},"line":13},"2":{"name":"(anonymous_2)","decl":{"start":{"line":18,"column":22},"end":{"line":18,"column":23}},"loc":{"start":{"line":18,"column":28},"end":{"line":21,"column":3}},"line":18},"3":{"name":"(anonymous_3)","decl":{"start":{"line":22,"column":12},"end":{"line":22,"column":13}},"loc":{"start":{"line":22,"column":18},"end":{"line":24,"column":3}},"line":22}},"branchMap":{"0":{"loc":{"start":{"line":6,"column":2},"end":{"line":6,"column":12}},"type":"default-arg","locations":[{"start":{"line":6,"column":10},"end":{"line":6,"column":12}}],"line":6},"1":{"loc":{"start":{"line":8,"column":2},"end":{"line":8,"column":31}},"type":"default-arg","locations":[{"start":{"line":8,"column":16},"end":{"line":8,"column":31}}],"line":8},"2":{"loc":{"start":{"line":9,"column":2},"end":{"line":9,"column":17}},"type":"default-arg","locations":[{"start":{"line":9,"column":13},"end":{"line":9,"column":17}}],"line":9},"3":{"loc":{"start":{"line":37,"column":7},"end":{"line":49,"column":7}},"type":"binary-expr","locations":[{"start":{"line":37,"column":7},"end":{"line":37,"column":22}},{"start":{"line":38,"column":8},"end":{"line":48,"column":27}}],"line":37}},"s":{"0":1,"1":5,"2":5,"3":1,"4":1,"5":5,"6":1,"7":1,"8":5,"9":3,"10":5,"11":1},"f":{"0":5,"1":1,"2":1,"3":3},"b":{"0":[2],"1":[3],"2":[5],"3":[5,3]},"_coverageSchema":"1a1c01bbd47fc00a2c39e90264f33305004495a9","hash":"43184512859ba85deecb155860d7533933ea4017"}
,"/Users/acastrre/Trabajo/rnc-library-ntt/src/modules/shared/components/molecules/password/index.tsx": {"path":"/Users/acastrre/Trabajo/rnc-library-ntt/src/modules/shared/components/molecules/password/index.tsx","statementMap":{"0":{"start":{"line":7,"column":29},"end":{"line":34,"column":1}},"1":{"start":{"line":13,"column":42},"end":{"line":13,"column":57}},"2":{"start":{"line":15,"column":2},"end":{"line":33,"column":3}},"3":{"start":{"line":28,"column":23},"end":{"line":28,"column":53}},"4":{"start":{"line":36,"column":15},"end":{"line":56,"column":2}}},"fnMap":{"0":{"name":"(anonymous_0)","decl":{"start":{"line":7,"column":29},"end":{"line":7,"column":30}},"loc":{"start":{"line":12,"column":21},"end":{"line":34,"column":1}},"line":12},"1":{"name":"(anonymous_1)","decl":{"start":{"line":28,"column":17},"end":{"line":28,"column":18}},"loc":{"start":{"line":28,"column":23},"end":{"line":28,"column":53}},"line":28}},"branchMap":{"0":{"loc":{"start":{"line":8,"column":2},"end":{"line":8,"column":23}},"type":"default-arg","locations":[{"start":{"line":8,"column":10},"end":{"line":8,"column":23}}],"line":8},"1":{"loc":{"start":{"line":10,"column":2},"end":{"line":10,"column":39}},"type":"default-arg","locations":[{"start":{"line":10,"column":16},"end":{"line":10,"column":39}}],"line":10},"2":{"loc":{"start":{"line":11,"column":2},"end":{"line":11,"column":17}},"type":"default-arg","locations":[{"start":{"line":11,"column":13},"end":{"line":11,"column":17}}],"line":11},"3":{"loc":{"start":{"line":30,"column":15},"end":{"line":30,"column":42}},"type":"cond-expr","locations":[{"start":{"line":30,"column":30},"end":{"line":30,"column":34}},{"start":{"line":30,"column":37},"end":{"line":30,"column":42}}],"line":30}},"s":{"0":1,"1":3,"2":3,"3":1,"4":1},"f":{"0":3,"1":1},"b":{"0":[2],"1":[3],"2":[3],"3":[1,2]},"_coverageSchema":"1a1c01bbd47fc00a2c39e90264f33305004495a9","hash":"44ffe925950d801e6faae4a295b17fe7c8ecdeba"}
,"/Users/acastrre/Trabajo/rnc-library-ntt/src/modules/shared/components/molecules/selector/index.tsx": {"path":"/Users/acastrre/Trabajo/rnc-library-ntt/src/modules/shared/components/molecules/selector/index.tsx","statementMap":{"0":{"start":{"line":7,"column":37},"end":{"line":10,"column":1}},"1":{"start":{"line":12,"column":24},"end":{"line":71,"column":1}},"2":{"start":{"line":18,"column":30},"end":{"line":18,"column":45}},"3":{"start":{"line":19,"column":34},"end":{"line":21,"column":3}},"4":{"start":{"line":20,"column":36},"end":{"line":20,"column":58}},"5":{"start":{"line":23,"column":23},"end":{"line":27,"column":3}},"6":{"start":{"line":24,"column":4},"end":{"line":24,"column":21}},"7":{"start":{"line":25,"column":4},"end":{"line":25,"column":20}},"8":{"start":{"line":26,"column":4},"end":{"line":26,"column":20}},"9":{"start":{"line":29,"column":2},"end":{"line":70,"column":3}},"10":{"start":{"line":33,"column":23},"end":{"line":33,"column":41}},"11":{"start":{"line":46,"column":34},"end":{"line":46,"column":49}},"12":{"start":{"line":48,"column":14},"end":{"line":63,"column":33}},"13":{"start":{"line":53,"column":31},"end":{"line":53,"column":49}},"14":{"start":{"line":73,"column":15},"end":{"line":133,"column":2}}},"fnMap":{"0":{"name":"(anonymous_0)","decl":{"start":{"line":12,"column":24},"end":{"line":12,"column":25}},"loc":{"start":{"line":17,"column":21},"end":{"line":71,"column":1}},"line":17},"1":{"name":"(anonymous_1)","decl":{"start":{"line":20,"column":28},"end":{"line":20,"column":29}},"loc":{"start":{"line":20,"column":36},"end":{"line":20,"column":58}},"line":20},"2":{"name":"(anonymous_2)","decl":{"start":{"line":23,"column":23},"end":{"line":23,"column":24}},"loc":{"start":{"line":23,"column":47},"end":{"line":27,"column":3}},"line":23},"3":{"name":"(anonymous_3)","decl":{"start":{"line":33,"column":17},"end":{"line":33,"column":18}},"loc":{"start":{"line":33,"column":23},"end":{"line":33,"column":41}},"line":33},"4":{"name":"(anonymous_4)","decl":{"start":{"line":46,"column":26},"end":{"line":46,"column":27}},"loc":{"start":{"line":46,"column":34},"end":{"line":46,"column":49}},"line":46},"5":{"name":"(anonymous_5)","decl":{"start":{"line":47,"column":24},"end":{"line":47,"column":25}},"loc":{"start":{"line":48,"column":14},"end":{"line":63,"column":33}},"line":48},"6":{"name":"(anonymous_6)","decl":{"start":{"line":53,"column":25},"end":{"line":53,"column":26}},"loc":{"start":{"line":53,"column":31},"end":{"line":53,"column":49}},"line":53}},"branchMap":{"0":{"loc":{"start":{"line":13,"column":2},"end":{"line":13,"column":22}},"type":"default-arg","locations":[{"start":{"line":13,"column":10},"end":{"line":13,"column":22}}],"line":13},"1":{"loc":{"start":{"line":15,"column":2},"end":{"line":15,"column":32}},"type":"default-arg","locations":[{"start":{"line":15,"column":16},"end":{"line":15,"column":32}}],"line":15},"2":{"loc":{"start":{"line":20,"column":4},"end":{"line":20,"column":74}},"type":"cond-expr","locations":[{"start":{"line":20,"column":17},"end":{"line":20,"column":67}},{"start":{"line":20,"column":70},"end":{"line":20,"column":74}}],"line":20},"3":{"loc":{"start":{"line":20,"column":17},"end":{"line":20,"column":67}},"type":"binary-expr","locations":[{"start":{"line":20,"column":17},"end":{"line":20,"column":59}},{"start":{"line":20,"column":63},"end":{"line":20,"column":67}}],"line":20},"4":{"loc":{"start":{"line":36,"column":42},"end":{"line":36,"column":72}},"type":"binary-expr","locations":[{"start":{"line":36,"column":42},"end":{"line":36,"column":57}},{"start":{"line":36,"column":61},"end":{"line":36,"column":72}}],"line":36},"5":{"loc":{"start":{"line":38,"column":10},"end":{"line":38,"column":49}},"type":"cond-expr","locations":[{"start":{"line":38,"column":18},"end":{"line":38,"column":32}},{"start":{"line":38,"column":35},"end":{"line":38,"column":49}}],"line":38},"6":{"loc":{"start":{"line":42,"column":7},"end":{"line":68,"column":7}},"type":"binary-expr","locations":[{"start":{"line":42,"column":7},"end":{"line":42,"column":13}},{"start":{"line":43,"column":8},"end":{"line":67,"column":15}}],"line":42},"7":{"loc":{"start":{"line":51,"column":18},"end":{"line":51,"column":67}},"type":"binary-expr","locations":[{"start":{"line":51,"column":18},"end":{"line":51,"column":42}},{"start":{"line":51,"column":46},"end":{"line":51,"column":67}}],"line":51},"8":{"loc":{"start":{"line":58,"column":20},"end":{"line":58,"column":73}},"type":"binary-expr","locations":[{"start":{"line":58,"column":20},"end":{"line":58,"column":44}},{"start":{"line":58,"column":48},"end":{"line":58,"column":73}}],"line":58}},"s":{"0":1,"1":1,"2":5,"3":5,"4":2,"5":5,"6":1,"7":1,"8":1,"9":5,"10":1,"11":3,"12":2,"13":1,"14":1},"f":{"0":5,"1":2,"2":1,"3":1,"4":3,"5":2,"6":1},"b":{"0":[1],"1":[1],"2":[1,4],"3":[1,0],"4":[5,3],"5":[1,4],"6":[5,1],"7":[2,0],"8":[2,0]},"_coverageSchema":"1a1c01bbd47fc00a2c39e90264f33305004495a9","hash":"1a90e3f315e1652afb9c80c1db46ddd0f7a3c78d"}
,"/Users/acastrre/Trabajo/rnc-library-ntt/src/modules/shared/interfaces/index.ts": {"path":"/Users/acastrre/Trabajo/rnc-library-ntt/src/modules/shared/interfaces/index.ts","statementMap":{},"fnMap":{},"branchMap":{},"s":{},"f":{},"b":{}}
,"/Users/acastrre/Trabajo/rnc-library-ntt/src/modules/shared/types/index.tsx": {"path":"/Users/acastrre/Trabajo/rnc-library-ntt/src/modules/shared/types/index.tsx","statementMap":{},"fnMap":{},"branchMap":{},"s":{},"f":{},"b":{}}
,"/Users/acastrre/Trabajo/rnc-library-ntt/src/modules/transaction/index.ts": {"path":"/Users/acastrre/Trabajo/rnc-library-ntt/src/modules/transaction/index.ts","statementMap":{},"fnMap":{},"branchMap":{},"s":{},"f":{},"b":{}}
,"/Users/acastrre/Trabajo/rnc-library-ntt/src/modules/transaction/components/molecules/card/index.tsx": {"path":"/Users/acastrre/Trabajo/rnc-library-ntt/src/modules/transaction/components/molecules/card/index.tsx","statementMap":{"0":{"start":{"line":8,"column":84},"end":{"line":29,"column":1}},"1":{"start":{"line":32,"column":16},"end":{"line":32,"column":51}},"2":{"start":{"line":33,"column":2},"end":{"line":33,"column":37}},"3":{"start":{"line":33,"column":25},"end":{"line":33,"column":37}},"4":{"start":{"line":34,"column":16},"end":{"line":34,"column":31}},"5":{"start":{"line":35,"column":2},"end":{"line":35,"column":34}},"6":{"start":{"line":38,"column":41},"end":{"line":75,"column":1}},"7":{"start":{"line":47,"column":17},"end":{"line":47,"column":31}},"8":{"start":{"line":49,"column":2},"end":{"line":74,"column":3}},"9":{"start":{"line":77,"column":15},"end":{"line":149,"column":2}}},"fnMap":{"0":{"name":"maskCardNumber","decl":{"start":{"line":31,"column":9},"end":{"line":31,"column":23}},"loc":{"start":{"line":31,"column":38},"end":{"line":36,"column":1}},"line":31},"1":{"name":"(anonymous_1)","decl":{"start":{"line":38,"column":41},"end":{"line":38,"column":42}},"loc":{"start":{"line":46,"column":6},"end":{"line":75,"column":1}},"line":46}},"branchMap":{"0":{"loc":{"start":{"line":32,"column":17},"end":{"line":32,"column":30}},"type":"binary-expr","locations":[{"start":{"line":32,"column":17},"end":{"line":32,"column":20}},{"start":{"line":32,"column":24},"end":{"line":32,"column":30}}],"line":32},"1":{"loc":{"start":{"line":33,"column":2},"end":{"line":33,"column":37}},"type":"if","locations":[{"start":{"line":33,"column":2},"end":{"line":33,"column":37}},{"start":{},"end":{}}],"line":33},"2":{"loc":{"start":{"line":39,"column":2},"end":{"line":39,"column":16}},"type":"default-arg","locations":[{"start":{"line":39,"column":9},"end":{"line":39,"column":16}}],"line":39},"3":{"loc":{"start":{"line":40,"column":2},"end":{"line":40,"column":23}},"type":"default-arg","locations":[{"start":{"line":40,"column":11},"end":{"line":40,"column":23}}],"line":40},"4":{"loc":{"start":{"line":41,"column":2},"end":{"line":41,"column":36}},"type":"default-arg","locations":[{"start":{"line":41,"column":15},"end":{"line":41,"column":36}}],"line":41},"5":{"loc":{"start":{"line":42,"column":2},"end":{"line":42,"column":30}},"type":"default-arg","locations":[{"start":{"line":42,"column":15},"end":{"line":42,"column":30}}],"line":42},"6":{"loc":{"start":{"line":43,"column":2},"end":{"line":43,"column":18}},"type":"default-arg","locations":[{"start":{"line":43,"column":11},"end":{"line":43,"column":18}}],"line":43},"7":{"loc":{"start":{"line":44,"column":2},"end":{"line":44,"column":16}},"type":"default-arg","locations":[{"start":{"line":44,"column":10},"end":{"line":44,"column":16}}],"line":44}},"s":{"0":1,"1":2,"2":2,"3":0,"4":2,"5":2,"6":1,"7":2,"8":2,"9":1},"f":{"0":2,"1":2},"b":{"0":[2,0],"1":[0,2],"2":[2],"3":[1],"4":[1],"5":[1],"6":[2],"7":[1]},"_coverageSchema":"1a1c01bbd47fc00a2c39e90264f33305004495a9","hash":"30626704f44c7b4ed114623c6d751926f6521146"}
,"/Users/acastrre/Trabajo/rnc-library-ntt/src/modules/transaction/components/molecules/service_item/index.tsx": {"path":"/Users/acastrre/Trabajo/rnc-library-ntt/src/modules/transaction/components/molecules/service_item/index.tsx","statementMap":{"0":{"start":{"line":4,"column":27},"end":{"line":19,"column":1}},"1":{"start":{"line":5,"column":2},"end":{"line":18,"column":3}},"2":{"start":{"line":21,"column":15},"end":{"line":47,"column":2}}},"fnMap":{"0":{"name":"(anonymous_0)","decl":{"start":{"line":4,"column":27},"end":{"line":4,"column":28}},"loc":{"start":{"line":4,"column":69},"end":{"line":19,"column":1}},"line":4}},"branchMap":{},"s":{"0":1,"1":2,"2":1},"f":{"0":2},"b":{},"_coverageSchema":"1a1c01bbd47fc00a2c39e90264f33305004495a9","hash":"daf3b986843e7006dfbd1af3eca6eeecb9da3c0c"}
,"/Users/acastrre/Trabajo/rnc-library-ntt/src/modules/transaction/components/organisms/TransactionHeader.tsx": {"path":"/Users/acastrre/Trabajo/rnc-library-ntt/src/modules/transaction/components/organisms/TransactionHeader.tsx","statementMap":{"0":{"start":{"line":4,"column":43},"end":{"line":29,"column":1}},"1":{"start":{"line":31,"column":33},"end":{"line":67,"column":1}},"2":{"start":{"line":32,"column":13},"end":{"line":32,"column":85}},"3":{"start":{"line":34,"column":18},"end":{"line":36,"column":42}},"4":{"start":{"line":35,"column":17},"end":{"line":35,"column":36}},"5":{"start":{"line":36,"column":24},"end":{"line":36,"column":38}},"6":{"start":{"line":38,"column":19},"end":{"line":40,"column":42}},"7":{"start":{"line":39,"column":17},"end":{"line":39,"column":37}},"8":{"start":{"line":40,"column":24},"end":{"line":40,"column":38}},"9":{"start":{"line":42,"column":2},"end":{"line":66,"column":4}},"10":{"start":{"line":69,"column":15},"end":{"line":105,"column":2}}},"fnMap":{"0":{"name":"(anonymous_0)","decl":{"start":{"line":31,"column":33},"end":{"line":31,"column":34}},"loc":{"start":{"line":31,"column":83},"end":{"line":67,"column":1}},"line":31},"1":{"name":"(anonymous_1)","decl":{"start":{"line":35,"column":12},"end":{"line":35,"column":13}},"loc":{"start":{"line":35,"column":17},"end":{"line":35,"column":36}},"line":35},"2":{"name":"(anonymous_2)","decl":{"start":{"line":36,"column":12},"end":{"line":36,"column":13}},"loc":{"start":{"line":36,"column":24},"end":{"line":36,"column":38}},"line":36},"3":{"name":"(anonymous_3)","decl":{"start":{"line":39,"column":12},"end":{"line":39,"column":13}},"loc":{"start":{"line":39,"column":17},"end":{"line":39,"column":37}},"line":39},"4":{"name":"(anonymous_4)","decl":{"start":{"line":40,"column":12},"end":{"line":40,"column":13}},"loc":{"start":{"line":40,"column":24},"end":{"line":40,"column":38}},"line":40}},"branchMap":{"0":{"loc":{"start":{"line":32,"column":13},"end":{"line":32,"column":85}},"type":"cond-expr","locations":[{"start":{"line":32,"column":51},"end":{"line":32,"column":63}},{"start":{"line":32,"column":66},"end":{"line":32,"column":85}}],"line":32},"1":{"loc":{"start":{"line":32,"column":13},"end":{"line":32,"column":48}},"type":"binary-expr","locations":[{"start":{"line":32,"column":13},"end":{"line":32,"column":25}},{"start":{"line":32,"column":29},"end":{"line":32,"column":48}}],"line":32}},"s":{"0":2,"1":2,"2":8,"3":8,"4":86,"5":40,"6":8,"7":86,"8":46,"9":8,"10":2},"f":{"0":8,"1":86,"2":40,"3":86,"4":46},"b":{"0":[6,2],"1":[8,8]},"_coverageSchema":"1a1c01bbd47fc00a2c39e90264f33305004495a9","hash":"b660537a0b1e79d158bbbf66d9ffd3b0f0f5865f"}
,"/Users/acastrre/Trabajo/rnc-library-ntt/src/modules/transaction/components/organisms/TransactionItem.tsx": {"path":"/Users/acastrre/Trabajo/rnc-library-ntt/src/modules/transaction/components/organisms/TransactionItem.tsx","statementMap":{"0":{"start":{"line":5,"column":31},"end":{"line":48,"column":1}},"1":{"start":{"line":6,"column":42},"end":{"line":13,"column":3}},"2":{"start":{"line":15,"column":22},"end":{"line":15,"column":48}},"3":{"start":{"line":16,"column":19},"end":{"line":16,"column":49}},"4":{"start":{"line":19,"column":4},"end":{"line":19,"column":67}},"5":{"start":{"line":21,"column":2},"end":{"line":47,"column":4}},"6":{"start":{"line":50,"column":15},"end":{"line":96,"column":2}}},"fnMap":{"0":{"name":"(anonymous_0)","decl":{"start":{"line":5,"column":31},"end":{"line":5,"column":32}},"loc":{"start":{"line":5,"column":67},"end":{"line":48,"column":1}},"line":5}},"branchMap":{"0":{"loc":{"start":{"line":15,"column":22},"end":{"line":15,"column":48}},"type":"binary-expr","locations":[{"start":{"line":15,"column":22},"end":{"line":15,"column":26}},{"start":{"line":15,"column":30},"end":{"line":15,"column":48}}],"line":15},"1":{"loc":{"start":{"line":19,"column":5},"end":{"line":19,"column":33}},"type":"cond-expr","locations":[{"start":{"line":19,"column":16},"end":{"line":19,"column":23}},{"start":{"line":19,"column":26},"end":{"line":19,"column":33}}],"line":19},"2":{"loc":{"start":{"line":24,"column":62},"end":{"line":24,"column":94}},"type":"cond-expr","locations":[{"start":{"line":24,"column":73},"end":{"line":24,"column":82}},{"start":{"line":24,"column":85},"end":{"line":24,"column":94}}],"line":24},"3":{"loc":{"start":{"line":41,"column":19},"end":{"line":41,"column":51}},"type":"cond-expr","locations":[{"start":{"line":41,"column":30},"end":{"line":41,"column":39}},{"start":{"line":41,"column":42},"end":{"line":41,"column":51}}],"line":41}},"s":{"0":2,"1":53,"2":53,"3":53,"4":53,"5":53,"6":2},"f":{"0":53},"b":{"0":[53,1],"1":[26,27],"2":[26,27],"3":[26,27]},"_coverageSchema":"1a1c01bbd47fc00a2c39e90264f33305004495a9","hash":"002c410e16f4742f952ae8e38ea0c34af500bf17"}
,"/Users/acastrre/Trabajo/rnc-library-ntt/src/modules/transaction/components/organisms/TransactionList.tsx": {"path":"/Users/acastrre/Trabajo/rnc-library-ntt/src/modules/transaction/components/organisms/TransactionList.tsx","statementMap":{"0":{"start":{"line":7,"column":43},"end":{"line":152,"column":1}},"1":{"start":{"line":154,"column":32},"end":{"line":199,"column":1}},"2":{"start":{"line":155,"column":54},"end":{"line":155,"column":69}},"3":{"start":{"line":156,"column":42},"end":{"line":156,"column":57}},"4":{"start":{"line":157,"column":22},"end":{"line":157,"column":145}},"5":{"start":{"line":159,"column":24},"end":{"line":163,"column":3}},"6":{"start":{"line":160,"column":4},"end":{"line":160,"column":26}},"7":{"start":{"line":161,"column":4},"end":{"line":161,"column":87}},"8":{"start":{"line":162,"column":4},"end":{"line":162,"column":27}},"9":{"start":{"line":165,"column":29},"end":{"line":171,"column":3}},"10":{"start":{"line":166,"column":4},"end":{"line":166,"column":32}},"11":{"start":{"line":167,"column":4},"end":{"line":170,"column":13}},"12":{"start":{"line":168,"column":6},"end":{"line":168,"column":133}},"13":{"start":{"line":169,"column":6},"end":{"line":169,"column":35}},"14":{"start":{"line":173,"column":26},"end":{"line":179,"column":3}},"15":{"start":{"line":174,"column":4},"end":{"line":178,"column":13}},"16":{"start":{"line":181,"column":2},"end":{"line":198,"column":4}},"17":{"start":{"line":187,"column":32},"end":{"line":187,"column":39}},"18":{"start":{"line":188,"column":34},"end":{"line":188,"column":65}},"19":{"start":{"line":201,"column":15},"end":{"line":205,"column":2}}},"fnMap":{"0":{"name":"(anonymous_0)","decl":{"start":{"line":154,"column":32},"end":{"line":154,"column":33}},"loc":{"start":{"line":154,"column":82},"end":{"line":199,"column":1}},"line":154},"1":{"name":"(anonymous_1)","decl":{"start":{"line":159,"column":24},"end":{"line":159,"column":25}},"loc":{"start":{"line":159,"column":36},"end":{"line":163,"column":3}},"line":159},"2":{"name":"(anonymous_2)","decl":{"start":{"line":165,"column":29},"end":{"line":165,"column":30}},"loc":{"start":{"line":165,"column":35},"end":{"line":171,"column":3}},"line":165},"3":{"name":"(anonymous_3)","decl":{"start":{"line":167,"column":15},"end":{"line":167,"column":16}},"loc":{"start":{"line":167,"column":21},"end":{"line":170,"column":5}},"line":167},"4":{"name":"(anonymous_4)","decl":{"start":{"line":173,"column":26},"end":{"line":173,"column":27}},"loc":{"start":{"line":173,"column":32},"end":{"line":179,"column":3}},"line":173},"5":{"name":"(anonymous_5)","decl":{"start":{"line":187,"column":22},"end":{"line":187,"column":23}},"loc":{"start":{"line":187,"column":32},"end":{"line":187,"column":39}},"line":187},"6":{"name":"(anonymous_6)","decl":{"start":{"line":188,"column":20},"end":{"line":188,"column":21}},"loc":{"start":{"line":188,"column":34},"end":{"line":188,"column":65}},"line":188}},"branchMap":{"0":{"loc":{"start":{"line":157,"column":46},"end":{"line":157,"column":144}},"type":"cond-expr","locations":[{"start":{"line":157,"column":84},"end":{"line":157,"column":109}},{"start":{"line":157,"column":112},"end":{"line":157,"column":144}}],"line":157},"1":{"loc":{"start":{"line":157,"column":46},"end":{"line":157,"column":81}},"type":"binary-expr","locations":[{"start":{"line":157,"column":46},"end":{"line":157,"column":58}},{"start":{"line":157,"column":62},"end":{"line":157,"column":81}}],"line":157},"2":{"loc":{"start":{"line":161,"column":10},"end":{"line":161,"column":85}},"type":"cond-expr","locations":[{"start":{"line":161,"column":25},"end":{"line":161,"column":50}},{"start":{"line":161,"column":53},"end":{"line":161,"column":85}}],"line":161},"3":{"loc":{"start":{"line":168,"column":12},"end":{"line":168,"column":132}},"type":"cond-expr","locations":[{"start":{"line":168,"column":50},"end":{"line":168,"column":86}},{"start":{"line":168,"column":89},"end":{"line":168,"column":132}}],"line":168},"4":{"loc":{"start":{"line":168,"column":12},"end":{"line":168,"column":47}},"type":"binary-expr","locations":[{"start":{"line":168,"column":12},"end":{"line":168,"column":24}},{"start":{"line":168,"column":28},"end":{"line":168,"column":47}}],"line":168},"5":{"loc":{"start":{"line":174,"column":11},"end":{"line":178,"column":12}},"type":"cond-expr","locations":[{"start":{"line":175,"column":6},"end":{"line":177,"column":13}},{"start":{"line":178,"column":8},"end":{"line":178,"column":12}}],"line":174}},"s":{"0":1,"1":1,"2":6,"3":6,"4":6,"5":6,"6":1,"7":1,"8":1,"9":6,"10":1,"11":1,"12":1,"13":1,"14":6,"15":6,"16":6,"17":68,"18":50,"19":1},"f":{"0":6,"1":1,"2":1,"3":1,"4":6,"5":68,"6":50},"b":{"0":[0,6],"1":[6,6],"2":[1,0],"3":[0,1],"4":[1,1],"5":[1,5]},"_coverageSchema":"1a1c01bbd47fc00a2c39e90264f33305004495a9","hash":"42eeec4e6aa67dda2af3cb0e07bbf0ef5f68a178"}
,"/Users/acastrre/Trabajo/rnc-library-ntt/src/modules/transaction/interfaces/index.ts": {"path":"/Users/acastrre/Trabajo/rnc-library-ntt/src/modules/transaction/interfaces/index.ts","statementMap":{},"fnMap":{},"branchMap":{},"s":{},"f":{},"b":{}}
,"/Users/acastrre/Trabajo/rnc-library-ntt/src/modules/transaction/types/index.ts": {"path":"/Users/acastrre/Trabajo/rnc-library-ntt/src/modules/transaction/types/index.ts","statementMap":{},"fnMap":{},"branchMap":{},"s":{},"f":{},"b":{}}
}
