TN:
SF:src/NativeNetworkMonitor.ts
FNF:0
FNH:0
LF:0
LH:0
BRF:0
BRH:0
end_of_record
TN:
SF:src/NativeRncLibraryNtt.ts
FNF:0
FNH:0
LF:0
LH:0
BRF:0
BRH:0
end_of_record
TN:
SF:src/NativeSecureStorage.ts
FNF:0
FNH:0
LF:0
LH:0
BRF:0
BRH:0
end_of_record
TN:
SF:src/index.tsx
FN:9,getDeviceInfo
FNF:1
FNH:0
FNDA:0,getDeviceInfo
DA:10,0
DA:14,0
LF:2
LH:0
BRF:0
BRH:0
end_of_record
TN:
SF:src/modules/chat/index.ts
FNF:0
FNH:0
LF:0
LH:0
BRF:0
BRH:0
end_of_record
TN:
SF:src/modules/chat/components/molecules/send_button/index.tsx
FN:5,(anonymous_0)
FNF:1
FNH:1
FNDA:12,(anonymous_0)
DA:5,2
DA:6,12
DA:13,2
LF:3
LH:3
BRF:0
BRH:0
end_of_record
TN:
SF:src/modules/chat/components/organisms/chat_session/index.tsx
FN:16,(anonymous_0)
FN:27,(anonymous_1)
FN:31,(anonymous_2)
FN:40,(anonymous_3)
FN:43,(anonymous_4)
FN:49,(anonymous_5)
FN:53,(anonymous_6)
FN:75,(anonymous_7)
FNF:8
FNH:8
FNDA:10,(anonymous_0)
FNDA:8,(anonymous_1)
FNDA:3,(anonymous_2)
FNDA:2,(anonymous_3)
FNDA:2,(anonymous_4)
FNDA:2,(anonymous_5)
FNDA:56,(anonymous_6)
FNDA:78,(anonymous_7)
DA:16,1
DA:17,10
DA:24,10
DA:25,10
DA:27,10
DA:28,8
DA:31,10
DA:32,3
DA:33,3
DA:35,2
DA:40,2
DA:41,2
DA:43,2
DA:44,2
DA:49,2
DA:53,10
DA:54,56
DA:55,56
DA:66,10
DA:75,78
DA:93,1
LF:21
LH:21
BRDA:33,0,0,1
BRDA:33,0,1,2
BRDA:56,1,0,44
BRDA:56,1,1,12
BRDA:57,2,0,44
BRDA:57,2,1,12
BRDA:58,3,0,44
BRDA:58,3,1,12
BRDA:69,4,0,10
BRDA:69,4,1,0
BRF:10
BRH:9
end_of_record
TN:
SF:src/modules/chat/interfaces/index.ts
FNF:0
FNH:0
LF:0
LH:0
BRF:0
BRH:0
end_of_record
TN:
SF:src/modules/chat/types/index.ts
FNF:0
FNH:0
LF:0
LH:0
BRF:0
BRH:0
end_of_record
TN:
SF:src/modules/configuration/index.ts
FNF:0
FNH:0
LF:0
LH:0
BRF:0
BRH:0
end_of_record
TN:
SF:src/modules/configuration/components/molecules/config_item/index.tsx
FN:15,(anonymous_0)
FNF:1
FNH:1
FNDA:6,(anonymous_0)
DA:13,1
DA:15,1
DA:25,6
DA:27,6
DA:61,1
LF:5
LH:5
BRDA:16,0,0,5
BRDA:17,1,0,5
BRDA:20,2,0,6
BRDA:21,3,0,6
BRDA:22,4,0,4
BRDA:25,5,0,1
BRDA:25,5,1,5
BRDA:25,6,0,6
BRDA:25,6,1,3
BRDA:30,7,0,2
BRDA:30,7,1,4
BRDA:32,8,0,1
BRDA:32,8,1,5
BRDA:32,9,0,6
BRDA:32,9,1,3
BRDA:37,10,0,1
BRDA:37,10,1,5
BRDA:48,11,0,6
BRDA:48,11,1,0
BRDA:56,12,0,6
BRDA:56,12,1,0
BRF:21
BRH:19
end_of_record
TN:
SF:src/modules/configuration/interfaces/index.ts
FNF:0
FNH:0
LF:0
LH:0
BRF:0
BRH:0
end_of_record
TN:
SF:src/modules/network_monitor/index.ts
FNF:0
FNH:0
LF:0
LH:0
BRF:0
BRH:0
end_of_record
TN:
SF:src/modules/network_monitor/components/atoms/ConnectionBadge.tsx
FN:6,(anonymous_0)
FNF:1
FNH:1
FNDA:6,(anonymous_0)
DA:6,2
DA:7,6
DA:8,6
DA:10,6
DA:18,2
LF:5
LH:5
BRDA:7,0,0,3
BRDA:7,0,1,3
BRDA:8,1,0,3
BRDA:8,1,1,3
BRDA:8,2,0,1
BRDA:8,2,1,2
BRF:6
BRH:6
end_of_record
TN:
SF:src/modules/network_monitor/components/molecules/NetworkStatusCard.tsx
FN:10,(anonymous_0)
FNF:1
FNH:1
FNDA:2,(anonymous_0)
DA:10,1
DA:11,2
DA:23,1
LF:3
LH:3
BRDA:18,0,0,1
BRDA:18,0,1,1
BRF:2
BRH:2
end_of_record
TN:
SF:src/modules/network_monitor/hooks/useNetworkMonitor.ts
FN:7,(anonymous_0)
FN:11,(anonymous_1)
FN:15,(anonymous_2)
FNF:3
FNH:3
FNDA:2,(anonymous_0)
FNDA:1,(anonymous_1)
FNDA:1,(anonymous_2)
DA:7,1
DA:8,2
DA:9,2
DA:11,2
DA:13,1
DA:15,1
DA:19,2
LF:7
LH:7
BRF:0
BRH:0
end_of_record
TN:
SF:src/modules/network_monitor/interfaces/index.ts
FNF:0
FNH:0
LF:0
LH:0
BRF:0
BRH:0
end_of_record
TN:
SF:src/modules/network_monitor/types/index.ts
FNF:0
FNH:0
LF:0
LH:0
BRF:0
BRH:0
end_of_record
TN:
SF:src/modules/secure_storage/index.ts
FNF:0
FNH:0
LF:0
LH:0
BRF:0
BRH:0
end_of_record
TN:
SF:src/modules/secure_storage/store/SecureStorage.ts
FN:4,(anonymous_0)
FN:8,(anonymous_1)
FNF:2
FNH:2
FNDA:1,(anonymous_0)
FNDA:1,(anonymous_1)
DA:3,1
DA:5,1
DA:9,1
LF:3
LH:3
BRF:0
BRH:0
end_of_record
TN:
SF:src/modules/shared/index.ts
FNF:0
FNH:0
LF:0
LH:0
BRF:0
BRH:0
end_of_record
TN:
SF:src/modules/shared/components/atoms/button/index.tsx
FN:4,(anonymous_0)
FNF:1
FNH:1
FNDA:3,(anonymous_0)
DA:4,1
DA:13,3
DA:14,3
DA:15,3
DA:18,3
DA:22,3
DA:25,3
DA:37,1
LF:8
LH:8
BRDA:8,0,0,3
BRDA:13,1,0,3
BRDA:13,1,1,0
BRDA:13,1,2,0
BRDA:14,2,0,3
BRDA:14,2,1,0
BRDA:14,2,2,0
BRDA:15,3,0,3
BRDA:15,3,1,0
BRDA:18,4,0,3
BRDA:18,4,1,3
BRDA:19,5,0,3
BRDA:19,5,1,0
BRDA:22,6,0,3
BRDA:22,6,1,3
BRDA:23,7,0,3
BRDA:23,7,1,0
BRF:17
BRH:10
end_of_record
TN:
SF:src/modules/shared/components/atoms/modal/index.tsx
FN:4,(anonymous_0)
FN:13,(anonymous_1)
FN:66,(anonymous_2)
FNF:3
FNH:3
FNDA:3,(anonymous_0)
FNDA:3,(anonymous_1)
FNDA:1,(anonymous_2)
DA:4,1
DA:13,3
DA:14,3
DA:16,0
DA:18,0
DA:21,3
DA:25,3
DA:27,3
DA:67,1
DA:68,1
DA:79,1
LF:11
LH:9
BRDA:6,0,0,3
BRDA:7,1,0,2
BRDA:8,2,0,2
BRDA:9,3,0,2
BRDA:14,4,0,0
BRDA:14,4,1,0
BRDA:14,4,2,3
BRDA:14,4,3,3
BRDA:45,5,0,3
BRDA:45,5,1,0
BRDA:46,6,0,3
BRDA:46,6,1,0
BRDA:47,7,0,3
BRDA:47,7,1,3
BRDA:59,8,0,0
BRDA:59,8,1,3
BRDA:61,9,0,0
BRDA:61,9,1,3
BRF:18
BRH:12
end_of_record
TN:
SF:src/modules/shared/components/molecules/email/index.tsx
FN:7,(anonymous_0)
FN:12,(anonymous_1)
FN:22,(anonymous_2)
FN:27,(anonymous_3)
FNF:4
FNH:4
FNDA:7,(anonymous_0)
FNDA:4,(anonymous_1)
FNDA:2,(anonymous_2)
FNDA:2,(anonymous_3)
DA:7,1
DA:8,7
DA:9,7
DA:12,1
DA:19,4
DA:20,4
DA:22,4
DA:23,2
DA:24,2
DA:25,2
DA:27,4
DA:28,2
DA:29,2
DA:32,4
DA:55,1
LF:15
LH:15
BRDA:13,0,0,3
BRDA:15,1,0,4
BRDA:16,2,0,4
BRDA:37,3,0,0
BRDA:37,3,1,4
BRDA:37,4,0,3
BRDA:37,4,1,1
BRF:7
BRH:6
end_of_record
TN:
SF:src/modules/shared/components/molecules/header/index.tsx
FN:5,(anonymous_0)
FNF:1
FNH:1
FNDA:2,(anonymous_0)
DA:5,1
DA:6,2
DA:22,1
LF:3
LH:3
BRDA:5,0,0,1
BRDA:5,1,0,2
BRF:2
BRH:2
end_of_record
TN:
SF:src/modules/shared/components/molecules/input_with_delete/index.tsx
FN:5,(anonymous_0)
FN:13,(anonymous_1)
FN:18,(anonymous_2)
FN:22,(anonymous_3)
FNF:4
FNH:4
FNDA:5,(anonymous_0)
FNDA:1,(anonymous_1)
FNDA:1,(anonymous_2)
FNDA:3,(anonymous_3)
DA:5,1
DA:11,5
DA:13,5
DA:14,1
DA:15,1
DA:18,5
DA:19,1
DA:20,1
DA:22,5
DA:23,3
DA:27,5
DA:54,1
LF:12
LH:12
BRDA:6,0,0,2
BRDA:8,1,0,3
BRDA:9,2,0,5
BRDA:37,3,0,5
BRDA:37,3,1,3
BRF:5
BRH:5
end_of_record
TN:
SF:src/modules/shared/components/molecules/password/index.tsx
FN:7,(anonymous_0)
FN:28,(anonymous_1)
FNF:2
FNH:2
FNDA:3,(anonymous_0)
FNDA:1,(anonymous_1)
DA:7,1
DA:13,3
DA:15,3
DA:28,1
DA:36,1
LF:5
LH:5
BRDA:8,0,0,2
BRDA:10,1,0,3
BRDA:11,2,0,3
BRDA:30,3,0,1
BRDA:30,3,1,2
BRF:5
BRH:5
end_of_record
TN:
SF:src/modules/shared/components/molecules/selector/index.tsx
FN:12,(anonymous_0)
FN:20,(anonymous_1)
FN:23,(anonymous_2)
FN:33,(anonymous_3)
FN:46,(anonymous_4)
FN:47,(anonymous_5)
FN:53,(anonymous_6)
FNF:7
FNH:7
FNDA:5,(anonymous_0)
FNDA:2,(anonymous_1)
FNDA:1,(anonymous_2)
FNDA:1,(anonymous_3)
FNDA:3,(anonymous_4)
FNDA:2,(anonymous_5)
FNDA:1,(anonymous_6)
DA:7,1
DA:12,1
DA:18,5
DA:19,5
DA:20,2
DA:23,5
DA:24,1
DA:25,1
DA:26,1
DA:29,5
DA:33,1
DA:46,3
DA:48,2
DA:53,1
DA:73,1
LF:15
LH:15
BRDA:13,0,0,1
BRDA:15,1,0,1
BRDA:20,2,0,1
BRDA:20,2,1,4
BRDA:20,3,0,1
BRDA:20,3,1,0
BRDA:36,4,0,5
BRDA:36,4,1,3
BRDA:38,5,0,1
BRDA:38,5,1,4
BRDA:42,6,0,5
BRDA:42,6,1,1
BRDA:51,7,0,2
BRDA:51,7,1,0
BRDA:58,8,0,2
BRDA:58,8,1,0
BRF:16
BRH:13
end_of_record
TN:
SF:src/modules/shared/interfaces/index.ts
FNF:0
FNH:0
LF:0
LH:0
BRF:0
BRH:0
end_of_record
TN:
SF:src/modules/shared/types/index.tsx
FNF:0
FNH:0
LF:0
LH:0
BRF:0
BRH:0
end_of_record
TN:
SF:src/modules/transaction/index.ts
FNF:0
FNH:0
LF:0
LH:0
BRF:0
BRH:0
end_of_record
TN:
SF:src/modules/transaction/components/molecules/card/index.tsx
FN:31,maskCardNumber
FN:38,(anonymous_1)
FNF:2
FNH:2
FNDA:2,maskCardNumber
FNDA:2,(anonymous_1)
DA:8,1
DA:32,2
DA:33,2
DA:34,2
DA:35,2
DA:38,1
DA:47,2
DA:49,2
DA:77,1
LF:9
LH:9
BRDA:32,0,0,2
BRDA:32,0,1,0
BRDA:33,1,0,0
BRDA:33,1,1,2
BRDA:39,2,0,2
BRDA:40,3,0,1
BRDA:41,4,0,1
BRDA:42,5,0,1
BRDA:43,6,0,2
BRDA:44,7,0,1
BRF:10
BRH:8
end_of_record
TN:
SF:src/modules/transaction/components/molecules/service_item/index.tsx
FN:4,(anonymous_0)
FNF:1
FNH:1
FNDA:2,(anonymous_0)
DA:4,1
DA:5,2
DA:21,1
LF:3
LH:3
BRF:0
BRH:0
end_of_record
TN:
SF:src/modules/transaction/components/organisms/TransactionHeader.tsx
FN:31,(anonymous_0)
FN:35,(anonymous_1)
FN:36,(anonymous_2)
FN:39,(anonymous_3)
FN:40,(anonymous_4)
FNF:5
FNH:5
FNDA:8,(anonymous_0)
FNDA:86,(anonymous_1)
FNDA:40,(anonymous_2)
FNDA:86,(anonymous_3)
FNDA:46,(anonymous_4)
DA:4,2
DA:31,2
DA:32,8
DA:34,8
DA:35,86
DA:36,40
DA:38,8
DA:39,86
DA:40,46
DA:42,8
DA:69,2
LF:11
LH:11
BRDA:32,0,0,6
BRDA:32,0,1,2
BRDA:32,1,0,8
BRDA:32,1,1,8
BRF:4
BRH:4
end_of_record
TN:
SF:src/modules/transaction/components/organisms/TransactionItem.tsx
FN:5,(anonymous_0)
FNF:1
FNH:1
FNDA:53,(anonymous_0)
DA:5,2
DA:6,53
DA:15,53
DA:16,53
DA:19,53
DA:21,53
DA:50,2
LF:7
LH:7
BRDA:15,0,0,53
BRDA:15,0,1,1
BRDA:19,1,0,26
BRDA:19,1,1,27
BRDA:24,2,0,26
BRDA:24,2,1,27
BRDA:41,3,0,26
BRDA:41,3,1,27
BRF:8
BRH:8
end_of_record
TN:
SF:src/modules/transaction/components/organisms/TransactionList.tsx
FN:154,(anonymous_0)
FN:159,(anonymous_1)
FN:165,(anonymous_2)
FN:167,(anonymous_3)
FN:173,(anonymous_4)
FN:187,(anonymous_5)
FN:188,(anonymous_6)
FNF:7
FNH:7
FNDA:6,(anonymous_0)
FNDA:1,(anonymous_1)
FNDA:1,(anonymous_2)
FNDA:1,(anonymous_3)
FNDA:6,(anonymous_4)
FNDA:68,(anonymous_5)
FNDA:50,(anonymous_6)
DA:7,1
DA:154,1
DA:155,6
DA:156,6
DA:157,6
DA:159,6
DA:160,1
DA:161,1
DA:162,1
DA:165,6
DA:166,1
DA:167,1
DA:168,1
DA:169,1
DA:173,6
DA:174,6
DA:181,6
DA:187,68
DA:188,50
DA:201,1
LF:20
LH:20
BRDA:157,0,0,0
BRDA:157,0,1,6
BRDA:157,1,0,6
BRDA:157,1,1,6
BRDA:161,2,0,1
BRDA:161,2,1,0
BRDA:168,3,0,0
BRDA:168,3,1,1
BRDA:168,4,0,1
BRDA:168,4,1,1
BRDA:174,5,0,1
BRDA:174,5,1,5
BRF:12
BRH:9
end_of_record
TN:
SF:src/modules/transaction/interfaces/index.ts
FNF:0
FNH:0
LF:0
LH:0
BRF:0
BRH:0
end_of_record
TN:
SF:src/modules/transaction/types/index.ts
FNF:0
FNH:0
LF:0
LH:0
BRF:0
BRH:0
end_of_record
